<?xml version="1.0" encoding="UTF-8"?>
<robot generator="Robot 3.0 (Jython 2.7.0 on java1.8.0_112)" generated="20170125 16:16:43.808">
<suite source="C:\Users\A_Ann\TicTacToeGame\src\test\acceptancetest" name="Acceptancetest" id="s1">
<suite source="C:\Users\A_Ann\TicTacToeGame\src\test\acceptancetest\TicTacToeGUITests.txt" name="TicTacToeGUITests" id="s1-s1">
<test name="Win Diagonally as X" id="s1-s1-t1">
<kw name="Start New Game">
<kw library="SwingLibrary" name="Start Application">
<doc>Alias for `Launch Application` keyword</doc>
<arguments>
<arg>edu.jsu.mcis.TicTacToeModel</arg>
</arguments>
<status endtime="20170125 16:16:57.104" starttime="20170125 16:16:56.061" status="PASS"></status>
</kw>
<kw library="SwingLibrary" name="Select Window">
<doc>Selects a window as current context and sets focus to it.</doc>
<arguments>
<arg>Tic Tac Toe</arg>
</arguments>
<status endtime="20170125 16:16:57.600" starttime="20170125 16:16:57.120" status="PASS"></status>
</kw>
<status endtime="20170125 16:16:57.604" starttime="20170125 16:16:56.049" status="PASS"></status>
</kw>
<kw name="Mark Location">
<arguments>
<arg>1</arg>
<arg>1</arg>
</arguments>
<kw library="BuiltIn" name="Catenate">
<doc>Catenates the given items together and returns the resulted string.</doc>
<arguments>
<arg>SEPARATOR=</arg>
<arg>Location</arg>
<arg>${row}</arg>
<arg>${col}</arg>
</arguments>
<assign>
<var>${component}</var>
</assign>
<msg level="INFO" timestamp="20170125 16:16:57.651">${component} = Location11</msg>
<status endtime="20170125 16:16:57.651" starttime="20170125 16:16:57.620" status="PASS"></status>
</kw>
<kw library="SwingLibrary" name="Click On Component">
<doc>Clicks on a component.</doc>
<arguments>
<arg>${component}</arg>
</arguments>
<status endtime="20170125 16:16:57.878" starttime="20170125 16:16:57.651" status="PASS"></status>
</kw>
<status endtime="20170125 16:16:57.885" starttime="20170125 16:16:57.604" status="PASS"></status>
</kw>
<kw name="Check Location">
<arguments>
<arg>1</arg>
<arg>1</arg>
<arg>X</arg>
</arguments>
<kw library="BuiltIn" name="Catenate">
<doc>Catenates the given items together and returns the resulted string.</doc>
<arguments>
<arg>SEPARATOR=</arg>
<arg>Location</arg>
<arg>${row}</arg>
<arg>${col}</arg>
</arguments>
<assign>
<var>${component}</var>
</assign>
<msg level="INFO" timestamp="20170125 16:16:57.919">${component} = Location11</msg>
<status endtime="20170125 16:16:57.922" starttime="20170125 16:16:57.902" status="PASS"></status>
</kw>
<kw library="SwingLibrary" name="Label Text Should Be">
<doc>Checks the equality of given text and the text displayed on a label.</doc>
<arguments>
<arg>${component}</arg>
<arg>${mark}</arg>
</arguments>
<msg level="FAIL" timestamp="20170125 16:17:08.089">Wait for "Location11" subcomponent to be displayed</msg>
<status endtime="20170125 16:17:08.104" starttime="20170125 16:16:57.927" status="FAIL"></status>
</kw>
<status endtime="20170125 16:17:08.120" starttime="20170125 16:16:57.890" status="FAIL"></status>
</kw>
<status critical="yes" endtime="20170125 16:17:08.120" starttime="20170125 16:16:56.034" status="FAIL">Wait for "Location11" subcomponent to be displayed</status>
</test>
<test name="Win Horizontally as O" id="s1-s1-t2">
<kw name="Start New Game">
<kw library="SwingLibrary" name="Start Application">
<doc>Alias for `Launch Application` keyword</doc>
<arguments>
<arg>edu.jsu.mcis.TicTacToeModel</arg>
</arguments>
<status endtime="20170125 16:17:08.265" starttime="20170125 16:17:08.167" status="PASS"></status>
</kw>
<kw library="SwingLibrary" name="Select Window">
<doc>Selects a window as current context and sets focus to it.</doc>
<arguments>
<arg>Tic Tac Toe</arg>
</arguments>
<status endtime="20170125 16:17:08.349" starttime="20170125 16:17:08.265" status="PASS"></status>
</kw>
<status endtime="20170125 16:17:08.349" starttime="20170125 16:17:08.167" status="PASS"></status>
</kw>
<kw name="Mark Location">
<arguments>
<arg>1</arg>
<arg>1</arg>
</arguments>
<kw library="BuiltIn" name="Catenate">
<doc>Catenates the given items together and returns the resulted string.</doc>
<arguments>
<arg>SEPARATOR=</arg>
<arg>Location</arg>
<arg>${row}</arg>
<arg>${col}</arg>
</arguments>
<assign>
<var>${component}</var>
</assign>
<msg level="INFO" timestamp="20170125 16:17:08.396">${component} = Location11</msg>
<status endtime="20170125 16:17:08.396" starttime="20170125 16:17:08.380" status="PASS"></status>
</kw>
<kw library="SwingLibrary" name="Click On Component">
<doc>Clicks on a component.</doc>
<arguments>
<arg>${component}</arg>
</arguments>
<status endtime="20170125 16:17:08.501" starttime="20170125 16:17:08.411" status="PASS"></status>
</kw>
<status endtime="20170125 16:17:08.506" starttime="20170125 16:17:08.365" status="PASS"></status>
</kw>
<kw name="Check Location">
<arguments>
<arg>1</arg>
<arg>1</arg>
<arg>X</arg>
</arguments>
<kw library="BuiltIn" name="Catenate">
<doc>Catenates the given items together and returns the resulted string.</doc>
<arguments>
<arg>SEPARATOR=</arg>
<arg>Location</arg>
<arg>${row}</arg>
<arg>${col}</arg>
</arguments>
<assign>
<var>${component}</var>
</assign>
<msg level="INFO" timestamp="20170125 16:17:08.554">${component} = Location11</msg>
<status endtime="20170125 16:17:08.557" starttime="20170125 16:17:08.529" status="PASS"></status>
</kw>
<kw library="SwingLibrary" name="Label Text Should Be">
<doc>Checks the equality of given text and the text displayed on a label.</doc>
<arguments>
<arg>${component}</arg>
<arg>${mark}</arg>
</arguments>
